2015-02-03T04:49:30.545+0530: 1.211: Total time for which application threads were stopped: 0.0001380 seconds
2015-02-03T04:49:30.720+0530: 1.386: Total time for which application threads were stopped: 0.0000750 seconds
2015-02-03T04:49:32.720+0530: 3.386: Total time for which application threads were stopped: 0.0001560 seconds
2015-02-03T04:49:33.720+0530: 4.386: Total time for which application threads were stopped: 0.0001870 seconds
2015-02-03T04:49:34.243+0530: 4.909: Total time for which application threads were stopped: 0.0002890 seconds
2015-02-03T04:49:34.732+0530: 5.398: Total time for which application threads were stopped: 0.0001030 seconds
2015-02-03T04:49:34.759+0530: 5.425: Total time for which application threads were stopped: 0.0002300 seconds
2015-02-03T04:49:34.759+0530: 5.425: Total time for which application threads were stopped: 0.0001870 seconds
2015-02-03T04:49:34.760+0530: 5.426: Total time for which application threads were stopped: 0.0000370 seconds
{Heap before GC invocations=0 (full 0):
 par new generation   total 109248K, used 87424K [0x00000000dae00000, 0x00000000e2e00000, 0x00000000e2e00000)
  eden space 87424K, 100% used [0x00000000dae00000, 0x00000000e0360000, 0x00000000e0360000)
  from space 21824K,   0% used [0x00000000e0360000, 0x00000000e0360000, 0x00000000e18b0000)
  to   space 21824K,   0% used [0x00000000e18b0000, 0x00000000e18b0000, 0x00000000e2e00000)
 concurrent mark-sweep generation total 393216K, used 0K [0x00000000e2e00000, 0x00000000fae00000, 0x00000000fae00000)
 concurrent-mark-sweep perm gen total 21248K, used 18231K [0x00000000fae00000, 0x00000000fc2c0000, 0x0000000100000000)
2015-02-03T04:49:34.830+0530: 5.496: [GC2015-02-03T04:49:34.830+0530: 5.496: [ParNew
Desired survivor size 20112992 bytes, new threshold 8 (max 8)
- age   1:   12137976 bytes,   12137976 total
: 87424K->11972K(109248K), 0.0162570 secs] 87424K->11972K(502464K), 0.0164770 secs] [Times: user=0.06 sys=0.00, real=0.02 secs] 
Heap after GC invocations=1 (full 0):
 par new generation   total 109248K, used 11972K [0x00000000dae00000, 0x00000000e2e00000, 0x00000000e2e00000)
  eden space 87424K,   0% used [0x00000000dae00000, 0x00000000dae00000, 0x00000000e0360000)
  from space 21824K,  54% used [0x00000000e18b0000, 0x00000000e2461188, 0x00000000e2e00000)
  to   space 21824K,   0% used [0x00000000e0360000, 0x00000000e0360000, 0x00000000e18b0000)
 concurrent mark-sweep generation total 393216K, used 0K [0x00000000e2e00000, 0x00000000fae00000, 0x00000000fae00000)
 concurrent-mark-sweep perm gen total 21248K, used 18231K [0x00000000fae00000, 0x00000000fc2c0000, 0x0000000100000000)
}
2015-02-03T04:49:34.847+0530: 5.513: Total time for which application threads were stopped: 0.0167660 seconds
2015-02-03T04:49:34.847+0530: 5.514: Total time for which application threads were stopped: 0.0000550 seconds
2015-02-03T04:49:34.857+0530: 5.523: Total time for which application threads were stopped: 0.0000700 seconds
2015-02-03T04:49:34.857+0530: 5.523: Total time for which application threads were stopped: 0.0000330 seconds
2015-02-03T04:49:34.857+0530: 5.523: Total time for which application threads were stopped: 0.0000340 seconds
2015-02-03T04:49:34.857+0530: 5.523: Total time for which application threads were stopped: 0.0000360 seconds
2015-02-03T04:49:34.857+0530: 5.523: Total time for which application threads were stopped: 0.0000350 seconds
2015-02-03T04:49:34.857+0530: 5.523: Total time for which application threads were stopped: 0.0000220 seconds
2015-02-03T04:49:34.857+0530: 5.523: Total time for which application threads were stopped: 0.0000200 seconds
2015-02-03T04:49:34.857+0530: 5.523: Total time for which application threads were stopped: 0.0000340 seconds
2015-02-03T04:49:34.857+0530: 5.523: Total time for which application threads were stopped: 0.0000270 seconds
2015-02-03T04:49:34.857+0530: 5.523: Total time for which application threads were stopped: 0.0000340 seconds
2015-02-03T04:49:34.857+0530: 5.523: Total time for which application threads were stopped: 0.0000280 seconds
2015-02-03T04:49:34.857+0530: 5.524: Total time for which application threads were stopped: 0.0000290 seconds
2015-02-03T04:49:34.857+0530: 5.524: Total time for which application threads were stopped: 0.0000280 seconds
2015-02-03T04:49:34.857+0530: 5.524: Total time for which application threads were stopped: 0.0000310 seconds
2015-02-03T04:49:34.857+0530: 5.524: Total time for which application threads were stopped: 0.0000280 seconds
2015-02-03T04:49:34.858+0530: 5.524: Total time for which application threads were stopped: 0.0000340 seconds
2015-02-03T04:49:34.858+0530: 5.524: Total time for which application threads were stopped: 0.0000220 seconds
2015-02-03T04:49:34.858+0530: 5.524: Total time for which application threads were stopped: 0.0000310 seconds
2015-02-03T04:49:34.858+0530: 5.524: Total time for which application threads were stopped: 0.0001120 seconds
2015-02-03T04:49:34.858+0530: 5.524: Total time for which application threads were stopped: 0.0000440 seconds
2015-02-03T04:49:34.858+0530: 5.524: Total time for which application threads were stopped: 0.0000330 seconds
2015-02-03T04:49:35.256+0530: 5.922: Total time for which application threads were stopped: 0.0027900 seconds
2015-02-03T04:49:35.265+0530: 5.931: Total time for which application threads were stopped: 0.0001330 seconds
2015-02-03T04:49:35.266+0530: 5.932: Total time for which application threads were stopped: 0.0000550 seconds
2015-02-03T04:49:35.266+0530: 5.932: Total time for which application threads were stopped: 0.0000250 seconds
2015-02-03T04:49:35.268+0530: 5.934: Total time for which application threads were stopped: 0.0000850 seconds
2015-02-03T04:49:35.273+0530: 5.940: Total time for which application threads were stopped: 0.0001050 seconds
2015-02-03T04:49:35.274+0530: 5.940: Total time for which application threads were stopped: 0.0002030 seconds
{Heap before GC invocations=1 (full 0):
 par new generation   total 109248K, used 99396K [0x00000000dae00000, 0x00000000e2e00000, 0x00000000e2e00000)
  eden space 87424K, 100% used [0x00000000dae00000, 0x00000000e0360000, 0x00000000e0360000)
  from space 21824K,  54% used [0x00000000e18b0000, 0x00000000e2461188, 0x00000000e2e00000)
  to   space 21824K,   0% used [0x00000000e0360000, 0x00000000e0360000, 0x00000000e18b0000)
 concurrent mark-sweep generation total 393216K, used 0K [0x00000000e2e00000, 0x00000000fae00000, 0x00000000fae00000)
 concurrent-mark-sweep perm gen total 21248K, used 18805K [0x00000000fae00000, 0x00000000fc2c0000, 0x0000000100000000)
2015-02-03T04:49:35.430+0530: 6.096: [GC2015-02-03T04:49:35.430+0530: 6.096: [ParNew
Desired survivor size 20112992 bytes, new threshold 8 (max 8)
- age   1:    2999424 bytes,    2999424 total
- age   2:    4414960 bytes,    7414384 total
: 99396K->10441K(109248K), 0.0124440 secs] 99396K->10441K(502464K), 0.0125650 secs] [Times: user=0.02 sys=0.02, real=0.01 secs] 
Heap after GC invocations=2 (full 0):
 par new generation   total 109248K, used 10441K [0x00000000dae00000, 0x00000000e2e00000, 0x00000000e2e00000)
  eden space 87424K,   0% used [0x00000000dae00000, 0x00000000dae00000, 0x00000000e0360000)
  from space 21824K,  47% used [0x00000000e0360000, 0x00000000e0d926f0, 0x00000000e18b0000)
  to   space 21824K,   0% used [0x00000000e18b0000, 0x00000000e18b0000, 0x00000000e2e00000)
 concurrent mark-sweep generation total 393216K, used 0K [0x00000000e2e00000, 0x00000000fae00000, 0x00000000fae00000)
 concurrent-mark-sweep perm gen total 21248K, used 18805K [0x00000000fae00000, 0x00000000fc2c0000, 0x0000000100000000)
}
2015-02-03T04:49:35.443+0530: 6.109: Total time for which application threads were stopped: 0.0129650 seconds
2015-02-03T04:49:35.443+0530: 6.109: Total time for which application threads were stopped: 0.0000730 seconds
2015-02-03T04:49:35.443+0530: 6.109: Total time for which application threads were stopped: 0.0000840 seconds
2015-02-03T04:49:35.443+0530: 6.109: Total time for which application threads were stopped: 0.0000740 seconds
2015-02-03T04:49:35.443+0530: 6.110: Total time for which application threads were stopped: 0.0000490 seconds
2015-02-03T04:49:35.443+0530: 6.110: Total time for which application threads were stopped: 0.0000380 seconds
2015-02-03T04:49:35.444+0530: 6.110: Total time for which application threads were stopped: 0.0000300 seconds
2015-02-03T04:49:35.444+0530: 6.110: Total time for which application threads were stopped: 0.0000280 seconds
2015-02-03T04:49:35.444+0530: 6.110: Total time for which application threads were stopped: 0.0000290 seconds
2015-02-03T04:49:35.444+0530: 6.110: Total time for which application threads were stopped: 0.0000320 seconds
2015-02-03T04:49:35.444+0530: 6.110: Total time for which application threads were stopped: 0.0000210 seconds
2015-02-03T04:49:35.444+0530: 6.110: Total time for which application threads were stopped: 0.0000290 seconds
2015-02-03T04:49:35.444+0530: 6.110: Total time for which application threads were stopped: 0.0000280 seconds
2015-02-03T04:49:35.444+0530: 6.110: Total time for which application threads were stopped: 0.0000320 seconds
2015-02-03T04:49:35.444+0530: 6.110: Total time for which application threads were stopped: 0.0000400 seconds
2015-02-03T04:49:35.444+0530: 6.110: Total time for which application threads were stopped: 0.0000350 seconds
2015-02-03T04:49:35.444+0530: 6.110: Total time for which application threads were stopped: 0.0000220 seconds
2015-02-03T04:49:35.444+0530: 6.110: Total time for which application threads were stopped: 0.0000230 seconds
2015-02-03T04:49:35.444+0530: 6.110: Total time for which application threads were stopped: 0.0000310 seconds
2015-02-03T04:49:35.444+0530: 6.110: Total time for which application threads were stopped: 0.0000260 seconds
2015-02-03T04:49:35.444+0530: 6.110: Total time for which application threads were stopped: 0.0000330 seconds
2015-02-03T04:49:35.444+0530: 6.111: Total time for which application threads were stopped: 0.0001270 seconds
2015-02-03T04:49:35.444+0530: 6.111: Total time for which application threads were stopped: 0.0000310 seconds
2015-02-03T04:49:35.445+0530: 6.111: Total time for which application threads were stopped: 0.0000330 seconds
2015-02-03T04:49:35.445+0530: 6.111: Total time for which application threads were stopped: 0.0000290 seconds
2015-02-03T04:49:35.445+0530: 6.111: Total time for which application threads were stopped: 0.0000310 seconds
2015-02-03T04:49:35.445+0530: 6.111: Total time for which application threads were stopped: 0.0000310 seconds
2015-02-03T04:49:35.445+0530: 6.111: Total time for which application threads were stopped: 0.0000350 seconds
2015-02-03T04:49:35.445+0530: 6.111: Total time for which application threads were stopped: 0.0000220 seconds
2015-02-03T04:49:35.445+0530: 6.111: Total time for which application threads were stopped: 0.0000310 seconds
2015-02-03T04:49:35.643+0530: 6.309: Total time for which application threads were stopped: 0.0001260 seconds
2015-02-03T04:49:36.478+0530: 7.145: Total time for which application threads were stopped: 0.0003740 seconds
2015-02-03T04:49:36.559+0530: 7.225: Total time for which application threads were stopped: 0.0000730 seconds
2015-02-03T04:49:36.561+0530: 7.227: Total time for which application threads were stopped: 0.0000470 seconds
2015-02-03T04:49:36.568+0530: 7.234: Total time for which application threads were stopped: 0.0001110 seconds
2015-02-03T04:49:36.568+0530: 7.234: Total time for which application threads were stopped: 0.0000620 seconds
2015-02-03T04:49:36.568+0530: 7.234: Total time for which application threads were stopped: 0.0000390 seconds
2015-02-03T04:49:36.572+0530: 7.239: Total time for which application threads were stopped: 0.0000590 seconds
2015-02-03T04:49:36.573+0530: 7.239: Total time for which application threads were stopped: 0.0000230 seconds
2015-02-03T04:49:36.573+0530: 7.239: Total time for which application threads were stopped: 0.0000370 seconds
2015-02-03T04:49:36.574+0530: 7.240: Total time for which application threads were stopped: 0.0000350 seconds
2015-02-03T04:49:36.574+0530: 7.240: Total time for which application threads were stopped: 0.0000210 seconds
2015-02-03T04:49:36.574+0530: 7.240: Total time for which application threads were stopped: 0.0000360 seconds
2015-02-03T04:49:36.574+0530: 7.240: Total time for which application threads were stopped: 0.0000350 seconds
2015-02-03T04:49:36.612+0530: 7.278: Total time for which application threads were stopped: 0.0001280 seconds
2015-02-03T04:49:36.638+0530: 7.304: Total time for which application threads were stopped: 0.0001240 seconds
2015-02-03T04:49:36.719+0530: 7.385: Total time for which application threads were stopped: 0.0001160 seconds
2015-02-03T04:49:36.720+0530: 7.387: Total time for which application threads were stopped: 0.0001050 seconds
2015-02-03T04:49:36.728+0530: 7.394: Total time for which application threads were stopped: 0.0001290 seconds
2015-02-03T04:49:36.735+0530: 7.401: Total time for which application threads were stopped: 0.0001220 seconds
2015-02-03T04:49:36.769+0530: 7.435: Total time for which application threads were stopped: 0.0004310 seconds
2015-02-03T04:49:36.882+0530: 7.548: Total time for which application threads were stopped: 0.0001430 seconds
2015-02-03T04:49:52.001+0530: 22.667: Total time for which application threads were stopped: 0.0001060 seconds
2015-02-03T04:49:52.001+0530: 22.667: Total time for which application threads were stopped: 0.0000380 seconds
2015-02-03T04:49:52.037+0530: 22.703: Total time for which application threads were stopped: 0.0000750 seconds
2015-02-03T04:49:52.037+0530: 22.704: Total time for which application threads were stopped: 0.0000260 seconds
2015-02-03T04:49:52.037+0530: 22.704: Total time for which application threads were stopped: 0.0000320 seconds
2015-02-03T04:49:52.039+0530: 22.705: Total time for which application threads were stopped: 0.0001110 seconds
2015-02-03T04:49:52.039+0530: 22.705: Total time for which application threads were stopped: 0.0000400 seconds
2015-02-03T04:49:52.070+0530: 22.736: Total time for which application threads were stopped: 0.0003290 seconds
2015-02-03T04:49:52.070+0530: 22.736: Total time for which application threads were stopped: 0.0000830 seconds
2015-02-03T04:49:52.070+0530: 22.736: Total time for which application threads were stopped: 0.0000560 seconds
2015-02-03T04:49:52.071+0530: 22.737: Total time for which application threads were stopped: 0.0001010 seconds
2015-02-03T04:50:10.125+0530: 40.791: Total time for which application threads were stopped: 0.0001950 seconds
2015-02-03T04:50:10.606+0530: 41.272: Total time for which application threads were stopped: 0.0001120 seconds
2015-02-03T04:50:10.982+0530: 41.648: Total time for which application threads were stopped: 0.0001520 seconds
2015-02-03T04:50:11.503+0530: 42.169: Total time for which application threads were stopped: 0.0001130 seconds
2015-02-03T04:50:11.504+0530: 42.170: Total time for which application threads were stopped: 0.0001100 seconds
2015-02-03T04:50:11.505+0530: 42.171: Total time for which application threads were stopped: 0.0001610 seconds
2015-02-03T04:50:11.506+0530: 42.172: Total time for which application threads were stopped: 0.0001090 seconds
2015-02-03T04:50:11.981+0530: 42.647: Total time for which application threads were stopped: 0.0001090 seconds
2015-02-03T04:50:11.981+0530: 42.647: Total time for which application threads were stopped: 0.0000480 seconds
2015-02-03T04:50:11.985+0530: 42.652: Total time for which application threads were stopped: 0.0004670 seconds
2015-02-03T04:50:12.073+0530: 42.739: Total time for which application threads were stopped: 0.0001210 seconds
2015-02-03T04:50:12.327+0530: 42.993: Total time for which application threads were stopped: 0.0001580 seconds
2015-02-03T04:50:12.328+0530: 42.994: Total time for which application threads were stopped: 0.0000860 seconds
2015-02-03T04:50:12.484+0530: 43.150: Total time for which application threads were stopped: 0.0001570 seconds
2015-02-03T04:50:12.561+0530: 43.227: Total time for which application threads were stopped: 0.0001700 seconds
2015-02-03T04:50:12.635+0530: 43.302: Total time for which application threads were stopped: 0.0002740 seconds
2015-02-03T04:50:12.848+0530: 43.514: Total time for which application threads were stopped: 0.0001120 seconds
2015-02-03T04:50:12.915+0530: 43.582: Total time for which application threads were stopped: 0.0000710 seconds
2015-02-03T04:50:12.948+0530: 43.614: Total time for which application threads were stopped: 0.0000950 seconds
2015-02-03T04:50:13.016+0530: 43.682: Total time for which application threads were stopped: 0.0000890 seconds
2015-02-03T04:50:13.250+0530: 43.916: Total time for which application threads were stopped: 0.0001090 seconds
2015-02-03T04:50:13.312+0530: 43.978: Total time for which application threads were stopped: 0.0000880 seconds
2015-02-03T04:50:13.382+0530: 44.049: Total time for which application threads were stopped: 0.0001300 seconds
2015-02-03T04:50:13.515+0530: 44.181: Total time for which application threads were stopped: 0.0000810 seconds
2015-02-03T04:50:13.631+0530: 44.298: Total time for which application threads were stopped: 0.0001690 seconds
2015-02-03T04:50:13.716+0530: 44.382: Total time for which application threads were stopped: 0.0000710 seconds
2015-02-03T04:50:13.761+0530: 44.427: Total time for which application threads were stopped: 0.0001030 seconds
2015-02-03T04:50:13.934+0530: 44.600: Total time for which application threads were stopped: 0.0000680 seconds
2015-02-03T04:50:14.062+0530: 44.728: Total time for which application threads were stopped: 0.0001600 seconds
2015-02-03T04:50:14.319+0530: 44.986: Total time for which application threads were stopped: 0.0005040 seconds
2015-02-03T04:50:14.682+0530: 45.348: Total time for which application threads were stopped: 0.0001800 seconds
2015-02-03T04:50:15.396+0530: 46.062: Total time for which application threads were stopped: 0.0007560 seconds
2015-02-03T04:50:26.397+0530: 57.063: Total time for which application threads were stopped: 0.0001710 seconds
2015-02-03T04:50:27.807+0530: 58.473: Total time for which application threads were stopped: 0.0001900 seconds
2015-02-03T04:50:27.807+0530: 58.473: Total time for which application threads were stopped: 0.0000480 seconds
2015-02-03T04:50:27.808+0530: 58.475: Total time for which application threads were stopped: 0.0001180 seconds
2015-02-03T04:50:27.809+0530: 58.475: Total time for which application threads were stopped: 0.0001050 seconds
2015-02-03T04:50:27.810+0530: 58.477: Total time for which application threads were stopped: 0.0018410 seconds
2015-02-03T04:50:27.812+0530: 58.478: Total time for which application threads were stopped: 0.0002590 seconds
2015-02-03T04:50:27.813+0530: 58.479: Total time for which application threads were stopped: 0.0009470 seconds
2015-02-03T04:50:27.814+0530: 58.480: Total time for which application threads were stopped: 0.0001940 seconds
2015-02-03T04:50:28.007+0530: 58.673: Total time for which application threads were stopped: 0.0001330 seconds
2015-02-03T04:50:28.008+0530: 58.674: Total time for which application threads were stopped: 0.0001080 seconds
2015-02-03T04:50:28.017+0530: 58.684: Total time for which application threads were stopped: 0.0001160 seconds
2015-02-03T04:50:28.190+0530: 58.856: Total time for which application threads were stopped: 0.0001690 seconds
2015-02-03T04:50:28.197+0530: 58.863: Total time for which application threads were stopped: 0.0007560 seconds
2015-02-03T04:50:28.296+0530: 58.962: Total time for which application threads were stopped: 0.0006790 seconds
{Heap before GC invocations=2 (full 0):
 par new generation   total 109248K, used 97865K [0x00000000dae00000, 0x00000000e2e00000, 0x00000000e2e00000)
  eden space 87424K, 100% used [0x00000000dae00000, 0x00000000e0360000, 0x00000000e0360000)
  from space 21824K,  47% used [0x00000000e0360000, 0x00000000e0d926f0, 0x00000000e18b0000)
  to   space 21824K,   0% used [0x00000000e18b0000, 0x00000000e18b0000, 0x00000000e2e00000)
 concurrent mark-sweep generation total 393216K, used 0K [0x00000000e2e00000, 0x00000000fae00000, 0x00000000fae00000)
 concurrent-mark-sweep perm gen total 21248K, used 20362K [0x00000000fae00000, 0x00000000fc2c0000, 0x0000000100000000)
2015-02-03T04:50:28.299+0530: 58.965: [GC2015-02-03T04:50:28.299+0530: 58.965: [ParNew
Desired survivor size 20112992 bytes, new threshold 8 (max 8)
- age   1:    8369112 bytes,    8369112 total
- age   2:     102784 bytes,    8471896 total
- age   3:    4383448 bytes,   12855344 total
: 97865K->14480K(109248K), 0.0348350 secs] 97865K->14480K(502464K), 0.0350370 secs] [Times: user=0.05 sys=0.00, real=0.04 secs] 
Heap after GC invocations=3 (full 0):
 par new generation   total 109248K, used 14480K [0x00000000dae00000, 0x00000000e2e00000, 0x00000000e2e00000)
  eden space 87424K,   0% used [0x00000000dae00000, 0x00000000dae00000, 0x00000000e0360000)
  from space 21824K,  66% used [0x00000000e18b0000, 0x00000000e26d4180, 0x00000000e2e00000)
  to   space 21824K,   0% used [0x00000000e0360000, 0x00000000e0360000, 0x00000000e18b0000)
 concurrent mark-sweep generation total 393216K, used 0K [0x00000000e2e00000, 0x00000000fae00000, 0x00000000fae00000)
 concurrent-mark-sweep perm gen total 21248K, used 20362K [0x00000000fae00000, 0x00000000fc2c0000, 0x0000000100000000)
}
2015-02-03T04:50:28.334+0530: 59.000: Total time for which application threads were stopped: 0.0363160 seconds
2015-02-03T04:50:28.342+0530: 59.008: Total time for which application threads were stopped: 0.0001960 seconds
2015-02-03T04:50:28.347+0530: 59.013: Total time for which application threads were stopped: 0.0009690 seconds
2015-02-03T04:50:28.354+0530: 59.020: Total time for which application threads were stopped: 0.0001520 seconds
2015-02-03T04:50:28.356+0530: 59.022: Total time for which application threads were stopped: 0.0001690 seconds
2015-02-03T04:50:28.358+0530: 59.024: Total time for which application threads were stopped: 0.0000970 seconds
2015-02-03T04:50:28.382+0530: 59.049: Total time for which application threads were stopped: 0.0011680 seconds
2015-02-03T04:50:29.279+0530: 59.946: Total time for which application threads were stopped: 0.0028990 seconds
2015-02-03T04:50:29.283+0530: 59.949: Total time for which application threads were stopped: 0.0002210 seconds
2015-02-03T04:50:29.285+0530: 59.951: Total time for which application threads were stopped: 0.0001400 seconds
2015-02-03T04:50:29.285+0530: 59.951: Total time for which application threads were stopped: 0.0000980 seconds
2015-02-03T04:50:29.295+0530: 59.961: Total time for which application threads were stopped: 0.0068280 seconds
2015-02-03T04:50:29.308+0530: 59.974: Total time for which application threads were stopped: 0.0027540 seconds
2015-02-03T04:50:29.308+0530: 59.974: Total time for which application threads were stopped: 0.0000780 seconds
2015-02-03T04:50:29.642+0530: 60.308: Total time for which application threads were stopped: 0.0002150 seconds
2015-02-03T04:50:29.685+0530: 60.352: Total time for which application threads were stopped: 0.0001460 seconds
2015-02-03T04:50:29.686+0530: 60.352: Total time for which application threads were stopped: 0.0001010 seconds
2015-02-03T04:50:29.686+0530: 60.352: Total time for which application threads were stopped: 0.0000600 seconds
2015-02-03T04:50:29.693+0530: 60.359: Total time for which application threads were stopped: 0.0063730 seconds
2015-02-03T04:50:29.696+0530: 60.362: Total time for which application threads were stopped: 0.0007190 seconds
2015-02-03T04:50:29.696+0530: 60.362: Total time for which application threads were stopped: 0.0000520 seconds
2015-02-03T04:50:29.696+0530: 60.362: Total time for which application threads were stopped: 0.0000670 seconds
2015-02-03T04:50:29.701+0530: 60.367: Total time for which application threads were stopped: 0.0008200 seconds
2015-02-03T04:50:29.701+0530: 60.368: Total time for which application threads were stopped: 0.0000540 seconds
2015-02-03T04:50:29.702+0530: 60.368: Total time for which application threads were stopped: 0.0000650 seconds
2015-02-03T04:50:29.702+0530: 60.368: Total time for which application threads were stopped: 0.0000530 seconds
2015-02-03T04:50:29.702+0530: 60.368: Total time for which application threads were stopped: 0.0000490 seconds
2015-02-03T04:50:29.703+0530: 60.369: Total time for which application threads were stopped: 0.0000810 seconds
2015-02-03T04:50:29.703+0530: 60.369: Total time for which application threads were stopped: 0.0000790 seconds
2015-02-03T04:50:29.703+0530: 60.369: Total time for which application threads were stopped: 0.0000570 seconds
2015-02-03T04:50:29.704+0530: 60.370: Total time for which application threads were stopped: 0.0000760 seconds
2015-02-03T04:50:29.708+0530: 60.374: Total time for which application threads were stopped: 0.0015840 seconds
2015-02-03T04:50:29.719+0530: 60.386: Total time for which application threads were stopped: 0.0033650 seconds
2015-02-03T04:50:29.729+0530: 60.395: Total time for which application threads were stopped: 0.0001420 seconds
2015-02-03T04:50:30.036+0530: 60.702: Total time for which application threads were stopped: 0.0002060 seconds
2015-02-03T04:50:30.065+0530: 60.731: Total time for which application threads were stopped: 0.0001960 seconds
{Heap before GC invocations=3 (full 0):
 par new generation   total 109248K, used 101904K [0x00000000dae00000, 0x00000000e2e00000, 0x00000000e2e00000)
  eden space 87424K, 100% used [0x00000000dae00000, 0x00000000e0360000, 0x00000000e0360000)
  from space 21824K,  66% used [0x00000000e18b0000, 0x00000000e26d4180, 0x00000000e2e00000)
  to   space 21824K,   0% used [0x00000000e0360000, 0x00000000e0360000, 0x00000000e18b0000)
 concurrent mark-sweep generation total 393216K, used 0K [0x00000000e2e00000, 0x00000000fae00000, 0x00000000fae00000)
 concurrent-mark-sweep perm gen total 21248K, used 20848K [0x00000000fae00000, 0x00000000fc2c0000, 0x0000000100000000)
2015-02-03T04:50:30.164+0530: 60.830: [GC2015-02-03T04:50:30.164+0530: 60.831: [ParNew
Desired survivor size 20112992 bytes, new threshold 8 (max 8)
- age   1:    1967448 bytes,    1967448 total
- age   2:    6543632 bytes,    8511080 total
- age   3:     102624 bytes,    8613704 total
- age   4:    4380264 bytes,   12993968 total
: 101904K->15794K(109248K), 0.0315830 secs] 101904K->15794K(502464K), 0.0317420 secs] [Times: user=0.06 sys=0.01, real=0.03 secs] 
Heap after GC invocations=4 (full 0):
 par new generation   total 109248K, used 15794K [0x00000000dae00000, 0x00000000e2e00000, 0x00000000e2e00000)
  eden space 87424K,   0% used [0x00000000dae00000, 0x00000000dae00000, 0x00000000e0360000)
  from space 21824K,  72% used [0x00000000e0360000, 0x00000000e12cc8a0, 0x00000000e18b0000)
  to   space 21824K,   0% used [0x00000000e18b0000, 0x00000000e18b0000, 0x00000000e2e00000)
 concurrent mark-sweep generation total 393216K, used 0K [0x00000000e2e00000, 0x00000000fae00000, 0x00000000fae00000)
 concurrent-mark-sweep perm gen total 21248K, used 20848K [0x00000000fae00000, 0x00000000fc2c0000, 0x0000000100000000)
}
2015-02-03T04:50:30.196+0530: 60.862: Total time for which application threads were stopped: 0.0320290 seconds
2015-02-03T04:50:30.197+0530: 60.863: Total time for which application threads were stopped: 0.0001060 seconds
2015-02-03T04:50:30.197+0530: 60.864: Total time for which application threads were stopped: 0.0000850 seconds
2015-02-03T04:50:30.199+0530: 60.865: Total time for which application threads were stopped: 0.0001100 seconds
2015-02-03T04:50:30.233+0530: 60.899: Total time for which application threads were stopped: 0.0001090 seconds
2015-02-03T04:50:30.234+0530: 60.900: Total time for which application threads were stopped: 0.0001360 seconds
2015-02-03T04:50:30.277+0530: 60.944: Total time for which application threads were stopped: 0.0001060 seconds
2015-02-03T04:50:30.278+0530: 60.944: Total time for which application threads were stopped: 0.0000510 seconds
2015-02-03T04:50:30.541+0530: 61.208: Total time for which application threads were stopped: 0.0006030 seconds
2015-02-03T04:50:30.547+0530: 61.214: Total time for which application threads were stopped: 0.0003420 seconds
2015-02-03T04:50:30.549+0530: 61.215: Total time for which application threads were stopped: 0.0001350 seconds
2015-02-03T04:50:30.553+0530: 61.219: Total time for which application threads were stopped: 0.0039230 seconds
2015-02-03T04:50:30.553+0530: 61.220: Total time for which application threads were stopped: 0.0000880 seconds
2015-02-03T04:50:30.559+0530: 61.225: Total time for which application threads were stopped: 0.0001650 seconds
2015-02-03T04:50:30.560+0530: 61.226: Total time for which application threads were stopped: 0.0001340 seconds
2015-02-03T04:50:30.577+0530: 61.243: Total time for which application threads were stopped: 0.0001300 seconds
2015-02-03T04:50:30.582+0530: 61.248: Total time for which application threads were stopped: 0.0022610 seconds
2015-02-03T04:50:30.648+0530: 61.314: Total time for which application threads were stopped: 0.0030720 seconds
2015-02-03T04:50:30.685+0530: 61.351: Total time for which application threads were stopped: 0.0115490 seconds
2015-02-03T04:50:30.698+0530: 61.364: Total time for which application threads were stopped: 0.0008780 seconds
2015-02-03T04:50:30.706+0530: 61.372: Total time for which application threads were stopped: 0.0001800 seconds
2015-02-03T04:50:30.725+0530: 61.391: Total time for which application threads were stopped: 0.0001410 seconds
{Heap before GC invocations=4 (full 0):
 par new generation   total 109248K, used 103218K [0x00000000dae00000, 0x00000000e2e00000, 0x00000000e2e00000)
  eden space 87424K, 100% used [0x00000000dae00000, 0x00000000e0360000, 0x00000000e0360000)
  from space 21824K,  72% used [0x00000000e0360000, 0x00000000e12cc8a0, 0x00000000e18b0000)
  to   space 21824K,   0% used [0x00000000e18b0000, 0x00000000e18b0000, 0x00000000e2e00000)
 concurrent mark-sweep generation total 393216K, used 0K [0x00000000e2e00000, 0x00000000fae00000, 0x00000000fae00000)
 concurrent-mark-sweep perm gen total 21632K, used 21530K [0x00000000fae00000, 0x00000000fc320000, 0x0000000100000000)
2015-02-03T04:50:30.807+0530: 61.474: [GC2015-02-03T04:50:30.807+0530: 61.474: [ParNew
Desired survivor size 20112992 bytes, new threshold 8 (max 8)
- age   1:    3185256 bytes,    3185256 total
- age   2:     685832 bytes,    3871088 total
- age   3:    6524776 bytes,   10395864 total
- age   4:     102416 bytes,   10498280 total
- age   5:    4376640 bytes,   14874920 total
: 103218K->18224K(109248K), 0.0450210 secs] 103218K->18224K(502464K), 0.0451850 secs] [Times: user=0.06 sys=0.00, real=0.05 secs] 
Heap after GC invocations=5 (full 0):
 par new generation   total 109248K, used 18224K [0x00000000dae00000, 0x00000000e2e00000, 0x00000000e2e00000)
  eden space 87424K,   0% used [0x00000000dae00000, 0x00000000dae00000, 0x00000000e0360000)
  from space 21824K,  83% used [0x00000000e18b0000, 0x00000000e2a7c0a0, 0x00000000e2e00000)
  to   space 21824K,   0% used [0x00000000e0360000, 0x00000000e0360000, 0x00000000e18b0000)
 concurrent mark-sweep generation total 393216K, used 0K [0x00000000e2e00000, 0x00000000fae00000, 0x00000000fae00000)
 concurrent-mark-sweep perm gen total 21632K, used 21530K [0x00000000fae00000, 0x00000000fc320000, 0x0000000100000000)
}
2015-02-03T04:50:30.853+0530: 61.519: Total time for which application threads were stopped: 0.0475360 seconds
2015-02-03T04:50:30.856+0530: 61.522: Total time for which application threads were stopped: 0.0001870 seconds
2015-02-03T04:50:30.856+0530: 61.522: Total time for which application threads were stopped: 0.0000880 seconds
2015-02-03T04:50:30.908+0530: 61.574: Total time for which application threads were stopped: 0.0001550 seconds
2015-02-03T04:50:30.911+0530: 61.577: Total time for which application threads were stopped: 0.0001410 seconds
2015-02-03T04:50:30.916+0530: 61.583: Total time for which application threads were stopped: 0.0001120 seconds
2015-02-03T04:50:30.922+0530: 61.588: Total time for which application threads were stopped: 0.0001600 seconds
2015-02-03T04:50:30.926+0530: 61.592: Total time for which application threads were stopped: 0.0002030 seconds
2015-02-03T04:50:30.932+0530: 61.598: Total time for which application threads were stopped: 0.0005700 seconds
2015-02-03T04:50:30.944+0530: 61.610: Total time for which application threads were stopped: 0.0106230 seconds
2015-02-03T04:50:30.951+0530: 61.617: Total time for which application threads were stopped: 0.0001510 seconds
2015-02-03T04:50:30.953+0530: 61.619: Total time for which application threads were stopped: 0.0019940 seconds
2015-02-03T04:50:30.957+0530: 61.623: Total time for which application threads were stopped: 0.0007700 seconds
2015-02-03T04:50:30.985+0530: 61.652: Total time for which application threads were stopped: 0.0180340 seconds
2015-02-03T04:50:30.987+0530: 61.653: Total time for which application threads were stopped: 0.0001280 seconds
2015-02-03T04:50:30.994+0530: 61.660: Total time for which application threads were stopped: 0.0004040 seconds
2015-02-03T04:50:31.004+0530: 61.670: Total time for which application threads were stopped: 0.0001370 seconds
2015-02-03T04:50:31.016+0530: 61.683: Total time for which application threads were stopped: 0.0045450 seconds
2015-02-03T04:50:31.020+0530: 61.686: Total time for which application threads were stopped: 0.0001300 seconds
2015-02-03T04:50:31.059+0530: 61.725: Total time for which application threads were stopped: 0.0062470 seconds
2015-02-03T04:50:31.059+0530: 61.725: Total time for which application threads were stopped: 0.0000690 seconds
2015-02-03T04:50:31.059+0530: 61.725: Total time for which application threads were stopped: 0.0000600 seconds
2015-02-03T04:50:31.059+0530: 61.726: Total time for which application threads were stopped: 0.0000810 seconds
2015-02-03T04:50:31.066+0530: 61.732: Total time for which application threads were stopped: 0.0011040 seconds
2015-02-03T04:50:31.074+0530: 61.741: Total time for which application threads were stopped: 0.0001330 seconds
2015-02-03T04:50:31.112+0530: 61.778: Total time for which application threads were stopped: 0.0042420 seconds
2015-02-03T04:50:31.117+0530: 61.783: Total time for which application threads were stopped: 0.0001680 seconds
2015-02-03T04:50:31.121+0530: 61.787: Total time for which application threads were stopped: 0.0018600 seconds
2015-02-03T04:50:31.127+0530: 61.793: Total time for which application threads were stopped: 0.0001750 seconds
2015-02-03T04:50:31.136+0530: 61.802: Total time for which application threads were stopped: 0.0011720 seconds
2015-02-03T04:50:31.140+0530: 61.806: Total time for which application threads were stopped: 0.0005690 seconds
2015-02-03T04:50:31.154+0530: 61.821: Total time for which application threads were stopped: 0.0102100 seconds
2015-02-03T04:50:31.181+0530: 61.847: Total time for which application threads were stopped: 0.0022030 seconds
2015-02-03T04:50:31.184+0530: 61.850: Total time for which application threads were stopped: 0.0001700 seconds
2015-02-03T04:50:31.196+0530: 61.862: Total time for which application threads were stopped: 0.0044130 seconds
2015-02-03T04:50:31.203+0530: 61.869: Total time for which application threads were stopped: 0.0010800 seconds
2015-02-03T04:50:31.210+0530: 61.877: Total time for which application threads were stopped: 0.0032970 seconds
2015-02-03T04:50:31.220+0530: 61.886: Total time for which application threads were stopped: 0.0056110 seconds
2015-02-03T04:50:31.225+0530: 61.891: Total time for which application threads were stopped: 0.0003460 seconds
{Heap before GC invocations=5 (full 0):
 par new generation   total 109248K, used 105648K [0x00000000dae00000, 0x00000000e2e00000, 0x00000000e2e00000)
  eden space 87424K, 100% used [0x00000000dae00000, 0x00000000e0360000, 0x00000000e0360000)
  from space 21824K,  83% used [0x00000000e18b0000, 0x00000000e2a7c0a0, 0x00000000e2e00000)
  to   space 21824K,   0% used [0x00000000e0360000, 0x00000000e0360000, 0x00000000e18b0000)
 concurrent mark-sweep generation total 393216K, used 0K [0x00000000e2e00000, 0x00000000fae00000, 0x00000000fae00000)
 concurrent-mark-sweep perm gen total 22016K, used 21858K [0x00000000fae00000, 0x00000000fc380000, 0x0000000100000000)
2015-02-03T04:50:31.337+0530: 62.003: [GC2015-02-03T04:50:31.337+0530: 62.003: [ParNew
Desired survivor size 20112992 bytes, new threshold 8 (max 8)
- age   1:    1013336 bytes,    1013336 total
- age   2:    2648224 bytes,    3661560 total
- age   3:     659560 bytes,    4321120 total
- age   4:    6524776 bytes,   10845896 total
- age   5:     102416 bytes,   10948312 total
- age   6:    4375240 bytes,   15323552 total
: 105648K->20898K(109248K), 0.0342940 secs] 105648K->20898K(502464K), 0.0344390 secs] [Times: user=0.06 sys=0.00, real=0.04 secs] 
Heap after GC invocations=6 (full 0):
 par new generation   total 109248K, used 20898K [0x00000000dae00000, 0x00000000e2e00000, 0x00000000e2e00000)
  eden space 87424K,   0% used [0x00000000dae00000, 0x00000000dae00000, 0x00000000e0360000)
  from space 21824K,  95% used [0x00000000e0360000, 0x00000000e17c8890, 0x00000000e18b0000)
  to   space 21824K,   0% used [0x00000000e18b0000, 0x00000000e18b0000, 0x00000000e2e00000)
 concurrent mark-sweep generation total 393216K, used 0K [0x00000000e2e00000, 0x00000000fae00000, 0x00000000fae00000)
 concurrent-mark-sweep perm gen total 22016K, used 21858K [0x00000000fae00000, 0x00000000fc380000, 0x0000000100000000)
}
2015-02-03T04:50:31.372+0530: 62.038: Total time for which application threads were stopped: 0.0411880 seconds
2015-02-03T04:50:31.660+0530: 62.326: Total time for which application threads were stopped: 0.0003280 seconds
2015-02-03T04:50:31.779+0530: 62.445: Total time for which application threads were stopped: 0.0002420 seconds
{Heap before GC invocations=6 (full 0):
 par new generation   total 109248K, used 108322K [0x00000000dae00000, 0x00000000e2e00000, 0x00000000e2e00000)
  eden space 87424K, 100% used [0x00000000dae00000, 0x00000000e0360000, 0x00000000e0360000)
  from space 21824K,  95% used [0x00000000e0360000, 0x00000000e17c8890, 0x00000000e18b0000)
  to   space 21824K,   0% used [0x00000000e18b0000, 0x00000000e18b0000, 0x00000000e2e00000)
 concurrent mark-sweep generation total 393216K, used 0K [0x00000000e2e00000, 0x00000000fae00000, 0x00000000fae00000)
 concurrent-mark-sweep perm gen total 22400K, used 22370K [0x00000000fae00000, 0x00000000fc3e0000, 0x0000000100000000)
2015-02-03T04:50:31.809+0530: 62.475: [GC2015-02-03T04:50:31.809+0530: 62.475: [ParNew
Desired survivor size 20112992 bytes, new threshold 8 (max 8)
- age   1:     928136 bytes,     928136 total
- age   2:     176896 bytes,    1105032 total
- age   3:    2647888 bytes,    3752920 total
- age   4:     659000 bytes,    4411920 total
- age   5:    6524776 bytes,   10936696 total
- age   6:     102416 bytes,   11039112 total
- age   7:    4373160 bytes,   15412272 total
: 108322K->18189K(109248K), 0.0310800 secs] 108322K->18189K(502464K), 0.0311910 secs] [Times: user=0.06 sys=0.00, real=0.04 secs] 
Heap after GC invocations=7 (full 0):
 par new generation   total 109248K, used 18189K [0x00000000dae00000, 0x00000000e2e00000, 0x00000000e2e00000)
  eden space 87424K,   0% used [0x00000000dae00000, 0x00000000dae00000, 0x00000000e0360000)
  from space 21824K,  83% used [0x00000000e18b0000, 0x00000000e2a73540, 0x00000000e2e00000)
  to   space 21824K,   0% used [0x00000000e0360000, 0x00000000e0360000, 0x00000000e18b0000)
 concurrent mark-sweep generation total 393216K, used 0K [0x00000000e2e00000, 0x00000000fae00000, 0x00000000fae00000)
 concurrent-mark-sweep perm gen total 22400K, used 22370K [0x00000000fae00000, 0x00000000fc3e0000, 0x0000000100000000)
}
2015-02-03T04:50:31.840+0530: 62.506: Total time for which application threads were stopped: 0.0314550 seconds
{Heap before GC invocations=7 (full 0):
 par new generation   total 109248K, used 105613K [0x00000000dae00000, 0x00000000e2e00000, 0x00000000e2e00000)
  eden space 87424K, 100% used [0x00000000dae00000, 0x00000000e0360000, 0x00000000e0360000)
  from space 21824K,  83% used [0x00000000e18b0000, 0x00000000e2a73540, 0x00000000e2e00000)
  to   space 21824K,   0% used [0x00000000e0360000, 0x00000000e0360000, 0x00000000e18b0000)
 concurrent mark-sweep generation total 393216K, used 0K [0x00000000e2e00000, 0x00000000fae00000, 0x00000000fae00000)
 concurrent-mark-sweep perm gen total 22592K, used 22429K [0x00000000fae00000, 0x00000000fc410000, 0x0000000100000000)
2015-02-03T04:50:32.066+0530: 62.732: [GC2015-02-03T04:50:32.066+0530: 62.732: [ParNew
Desired survivor size 20112992 bytes, new threshold 8 (max 8)
- age   1:     388392 bytes,     388392 total
- age   2:     106096 bytes,     494488 total
- age   3:     176496 bytes,     670984 total
- age   4:    2647712 bytes,    3318696 total
- age   5:     659000 bytes,    3977696 total
- age   6:    6524560 bytes,   10502256 total
- age   7:     102416 bytes,   10604672 total
- age   8:    4373160 bytes,   14977832 total
: 105613K->20342K(109248K), 0.0391980 secs] 105613K->20342K(502464K), 0.0395150 secs] [Times: user=0.05 sys=0.00, real=0.04 secs] 
Heap after GC invocations=8 (full 0):
 par new generation   total 109248K, used 20342K [0x00000000dae00000, 0x00000000e2e00000, 0x00000000e2e00000)
  eden space 87424K,   0% used [0x00000000dae00000, 0x00000000dae00000, 0x00000000e0360000)
  from space 21824K,  93% used [0x00000000e0360000, 0x00000000e173db40, 0x00000000e18b0000)
  to   space 21824K,   0% used [0x00000000e18b0000, 0x00000000e18b0000, 0x00000000e2e00000)
 concurrent mark-sweep generation total 393216K, used 0K [0x00000000e2e00000, 0x00000000fae00000, 0x00000000fae00000)
 concurrent-mark-sweep perm gen total 22592K, used 22429K [0x00000000fae00000, 0x00000000fc410000, 0x0000000100000000)
}
2015-02-03T04:50:32.106+0530: 62.772: Total time for which application threads were stopped: 0.0399680 seconds
{Heap before GC invocations=8 (full 0):
 par new generation   total 109248K, used 107766K [0x00000000dae00000, 0x00000000e2e00000, 0x00000000e2e00000)
  eden space 87424K, 100% used [0x00000000dae00000, 0x00000000e0360000, 0x00000000e0360000)
  from space 21824K,  93% used [0x00000000e0360000, 0x00000000e173db40, 0x00000000e18b0000)
  to   space 21824K,   0% used [0x00000000e18b0000, 0x00000000e18b0000, 0x00000000e2e00000)
 concurrent mark-sweep generation total 393216K, used 0K [0x00000000e2e00000, 0x00000000fae00000, 0x00000000fae00000)
 concurrent-mark-sweep perm gen total 22592K, used 22476K [0x00000000fae00000, 0x00000000fc410000, 0x0000000100000000)
2015-02-03T04:50:32.426+0530: 63.093: [GC2015-02-03T04:50:32.426+0530: 63.093: [ParNew
Desired survivor size 20112992 bytes, new threshold 8 (max 8)
- age   1:    1003296 bytes,    1003296 total
- age   2:      82288 bytes,    1085584 total
- age   3:     105280 bytes,    1190864 total
- age   4:     176352 bytes,    1367216 total
- age   5:    2647712 bytes,    4014928 total
- age   6:     659000 bytes,    4673928 total
- age   7:    6524560 bytes,   11198488 total
- age   8:     102416 bytes,   11300904 total
: 107766K->15532K(109248K), 0.1234310 secs] 107766K->20299K(502464K), 0.1236810 secs] [Times: user=0.11 sys=0.01, real=0.12 secs] 
Heap after GC invocations=9 (full 0):
 par new generation   total 109248K, used 15532K [0x00000000dae00000, 0x00000000e2e00000, 0x00000000e2e00000)
  eden space 87424K,   0% used [0x00000000dae00000, 0x00000000dae00000, 0x00000000e0360000)
  from space 21824K,  71% used [0x00000000e18b0000, 0x00000000e27db080, 0x00000000e2e00000)
  to   space 21824K,   0% used [0x00000000e0360000, 0x00000000e0360000, 0x00000000e18b0000)
 concurrent mark-sweep generation total 393216K, used 4767K [0x00000000e2e00000, 0x00000000fae00000, 0x00000000fae00000)
 concurrent-mark-sweep perm gen total 22592K, used 22476K [0x00000000fae00000, 0x00000000fc410000, 0x0000000100000000)
}
2015-02-03T04:50:32.550+0530: 63.216: Total time for which application threads were stopped: 0.1286610 seconds
{Heap before GC invocations=9 (full 0):
 par new generation   total 109248K, used 102956K [0x00000000dae00000, 0x00000000e2e00000, 0x00000000e2e00000)
  eden space 87424K, 100% used [0x00000000dae00000, 0x00000000e0360000, 0x00000000e0360000)
  from space 21824K,  71% used [0x00000000e18b0000, 0x00000000e27db080, 0x00000000e2e00000)
  to   space 21824K,   0% used [0x00000000e0360000, 0x00000000e0360000, 0x00000000e18b0000)
 concurrent mark-sweep generation total 393216K, used 4767K [0x00000000e2e00000, 0x00000000fae00000, 0x00000000fae00000)
 concurrent-mark-sweep perm gen total 23168K, used 23067K [0x00000000fae00000, 0x00000000fc4a0000, 0x0000000100000000)
2015-02-03T04:50:33.115+0530: 63.781: [GC2015-02-03T04:50:33.115+0530: 63.781: [ParNew
Desired survivor size 20112992 bytes, new threshold 8 (max 8)
- age   1:    1533664 bytes,    1533664 total
- age   2:      87096 bytes,    1620760 total
- age   3:      82240 bytes,    1703000 total
- age   4:     105200 bytes,    1808200 total
- age   5:     176272 bytes,    1984472 total
- age   6:    2647712 bytes,    4632184 total
- age   7:     659000 bytes,    5291184 total
- age   8:    6524560 bytes,   11815744 total
: 102956K->15893K(109248K), 0.0477670 secs] 107723K->20761K(502464K), 0.0479100 secs] [Times: user=0.06 sys=0.01, real=0.05 secs] 
Heap after GC invocations=10 (full 0):
 par new generation   total 109248K, used 15893K [0x00000000dae00000, 0x00000000e2e00000, 0x00000000e2e00000)
  eden space 87424K,   0% used [0x00000000dae00000, 0x00000000dae00000, 0x00000000e0360000)
  from space 21824K,  72% used [0x00000000e0360000, 0x00000000e12e55c0, 0x00000000e18b0000)
  to   space 21824K,   0% used [0x00000000e18b0000, 0x00000000e18b0000, 0x00000000e2e00000)
 concurrent mark-sweep generation total 393216K, used 4867K [0x00000000e2e00000, 0x00000000fae00000, 0x00000000fae00000)
 concurrent-mark-sweep perm gen total 23168K, used 23067K [0x00000000fae00000, 0x00000000fc4a0000, 0x0000000100000000)
}
2015-02-03T04:50:33.163+0530: 63.829: Total time for which application threads were stopped: 0.0482960 seconds
2015-02-03T04:50:33.732+0530: 64.398: Total time for which application threads were stopped: 0.0002200 seconds
2015-02-03T04:50:33.748+0530: 64.414: Total time for which application threads were stopped: 0.0072400 seconds
2015-02-03T04:50:33.799+0530: 64.465: Total time for which application threads were stopped: 0.0001650 seconds
2015-02-03T04:50:33.819+0530: 64.486: Total time for which application threads were stopped: 0.0002190 seconds
2015-02-03T04:50:33.820+0530: 64.486: Total time for which application threads were stopped: 0.0000700 seconds
2015-02-03T04:50:33.835+0530: 64.502: Total time for which application threads were stopped: 0.0001870 seconds
2015-02-03T04:50:33.851+0530: 64.517: Total time for which application threads were stopped: 0.0001120 seconds
2015-02-03T04:50:33.984+0530: 64.650: Total time for which application threads were stopped: 0.0001530 seconds
2015-02-03T04:50:34.040+0530: 64.706: Total time for which application threads were stopped: 0.0003230 seconds
2015-02-03T04:50:34.105+0530: 64.771: Total time for which application threads were stopped: 0.0008880 seconds
2015-02-03T04:50:34.128+0530: 64.794: Total time for which application threads were stopped: 0.0005560 seconds
2015-02-03T04:50:34.201+0530: 64.867: Total time for which application threads were stopped: 0.0009090 seconds
2015-02-03T04:50:34.223+0530: 64.889: Total time for which application threads were stopped: 0.0001470 seconds
2015-02-03T04:50:34.256+0530: 64.922: Total time for which application threads were stopped: 0.0002080 seconds
2015-02-03T04:50:34.289+0530: 64.955: Total time for which application threads were stopped: 0.0001290 seconds
2015-02-03T04:50:34.297+0530: 64.963: Total time for which application threads were stopped: 0.0001220 seconds
2015-02-03T04:50:34.398+0530: 65.064: Total time for which application threads were stopped: 0.0007430 seconds
2015-02-03T04:50:34.447+0530: 65.114: Total time for which application threads were stopped: 0.0069820 seconds
2015-02-03T04:50:34.501+0530: 65.167: Total time for which application threads were stopped: 0.0001610 seconds
2015-02-03T04:50:34.527+0530: 65.193: Total time for which application threads were stopped: 0.0052930 seconds
2015-02-03T04:50:34.543+0530: 65.209: Total time for which application threads were stopped: 0.0025950 seconds
2015-02-03T04:50:34.560+0530: 65.226: Total time for which application threads were stopped: 0.0021600 seconds
2015-02-03T04:50:34.648+0530: 65.315: Total time for which application threads were stopped: 0.0002710 seconds
2015-02-03T04:50:34.654+0530: 65.320: Total time for which application threads were stopped: 0.0004400 seconds
2015-02-03T04:50:34.678+0530: 65.344: Total time for which application threads were stopped: 0.0006980 seconds
2015-02-03T04:50:34.700+0530: 65.366: Total time for which application threads were stopped: 0.0001460 seconds
2015-02-03T04:50:34.723+0530: 65.389: Total time for which application threads were stopped: 0.0001410 seconds
2015-02-03T04:50:34.739+0530: 65.406: Total time for which application threads were stopped: 0.0001600 seconds
2015-02-03T04:50:34.740+0530: 65.406: Total time for which application threads were stopped: 0.0000730 seconds
2015-02-03T04:50:34.740+0530: 65.406: Total time for which application threads were stopped: 0.0000620 seconds
2015-02-03T04:50:34.741+0530: 65.407: Total time for which application threads were stopped: 0.0010810 seconds
2015-02-03T04:50:34.742+0530: 65.408: Total time for which application threads were stopped: 0.0001460 seconds
2015-02-03T04:50:34.742+0530: 65.409: Total time for which application threads were stopped: 0.0000640 seconds
2015-02-03T04:50:34.742+0530: 65.409: Total time for which application threads were stopped: 0.0000660 seconds
2015-02-03T04:50:34.744+0530: 65.410: Total time for which application threads were stopped: 0.0014250 seconds
2015-02-03T04:50:34.744+0530: 65.410: Total time for which application threads were stopped: 0.0000840 seconds
2015-02-03T04:50:34.744+0530: 65.410: Total time for which application threads were stopped: 0.0000930 seconds
2015-02-03T04:50:34.748+0530: 65.414: Total time for which application threads were stopped: 0.0003550 seconds
2015-02-03T04:50:34.906+0530: 65.572: Total time for which application threads were stopped: 0.0002180 seconds
2015-02-03T04:50:34.981+0530: 65.647: Total time for which application threads were stopped: 0.0001360 seconds
2015-02-03T04:50:35.032+0530: 65.698: Total time for which application threads were stopped: 0.0002430 seconds
2015-02-03T04:50:35.159+0530: 65.826: Total time for which application threads were stopped: 0.0018530 seconds
2015-02-03T04:50:35.159+0530: 65.826: Total time for which application threads were stopped: 0.0000830 seconds
2015-02-03T04:50:35.266+0530: 65.932: Total time for which application threads were stopped: 0.0001940 seconds
2015-02-03T04:50:35.301+0530: 65.967: Total time for which application threads were stopped: 0.0002720 seconds
2015-02-03T04:50:35.382+0530: 66.048: Total time for which application threads were stopped: 0.0001270 seconds
2015-02-03T04:50:35.384+0530: 66.051: Total time for which application threads were stopped: 0.0001260 seconds
2015-02-03T04:50:35.384+0530: 66.051: Total time for which application threads were stopped: 0.0000580 seconds
2015-02-03T04:50:35.412+0530: 66.078: Total time for which application threads were stopped: 0.0049990 seconds
2015-02-03T04:50:35.413+0530: 66.079: Total time for which application threads were stopped: 0.0001090 seconds
2015-02-03T04:50:35.417+0530: 66.083: Total time for which application threads were stopped: 0.0013110 seconds
2015-02-03T04:50:35.418+0530: 66.084: Total time for which application threads were stopped: 0.0002800 seconds
{Heap before GC invocations=10 (full 0):
 par new generation   total 109248K, used 103317K [0x00000000dae00000, 0x00000000e2e00000, 0x00000000e2e00000)
  eden space 87424K, 100% used [0x00000000dae00000, 0x00000000e0360000, 0x00000000e0360000)
  from space 21824K,  72% used [0x00000000e0360000, 0x00000000e12e55c0, 0x00000000e18b0000)
  to   space 21824K,   0% used [0x00000000e18b0000, 0x00000000e18b0000, 0x00000000e2e00000)
 concurrent mark-sweep generation total 393216K, used 4867K [0x00000000e2e00000, 0x00000000fae00000, 0x00000000fae00000)
 concurrent-mark-sweep perm gen total 27776K, used 27705K [0x00000000fae00000, 0x00000000fc920000, 0x0000000100000000)
2015-02-03T04:50:35.575+0530: 66.241: [GC2015-02-03T04:50:35.575+0530: 66.241: [ParNew
Desired survivor size 20112992 bytes, new threshold 8 (max 8)
- age   1:    6599392 bytes,    6599392 total
- age   2:     161880 bytes,    6761272 total
- age   3:      85352 bytes,    6846624 total
- age   4:      81448 bytes,    6928072 total
- age   5:     103392 bytes,    7031464 total
- age   6:     172616 bytes,    7204080 total
- age   7:     271168 bytes,    7475248 total
- age   8:     654736 bytes,    8129984 total
: 103317K->11832K(109248K), 0.0458170 secs] 108185K->23108K(502464K), 0.0459490 secs] [Times: user=0.07 sys=0.00, real=0.05 secs] 
Heap after GC invocations=11 (full 0):
 par new generation   total 109248K, used 11832K [0x00000000dae00000, 0x00000000e2e00000, 0x00000000e2e00000)
  eden space 87424K,   0% used [0x00000000dae00000, 0x00000000dae00000, 0x00000000e0360000)
  from space 21824K,  54% used [0x00000000e18b0000, 0x00000000e243e340, 0x00000000e2e00000)
  to   space 21824K,   0% used [0x00000000e0360000, 0x00000000e0360000, 0x00000000e18b0000)
 concurrent mark-sweep generation total 393216K, used 11275K [0x00000000e2e00000, 0x00000000fae00000, 0x00000000fae00000)
 concurrent-mark-sweep perm gen total 27776K, used 27705K [0x00000000fae00000, 0x00000000fc920000, 0x0000000100000000)
}
2015-02-03T04:50:35.621+0530: 66.287: Total time for which application threads were stopped: 0.0469210 seconds
2015-02-03T04:50:35.633+0530: 66.299: Total time for which application threads were stopped: 0.0001170 seconds
2015-02-03T04:50:35.642+0530: 66.308: Total time for which application threads were stopped: 0.0002680 seconds
2015-02-03T04:50:35.642+0530: 66.309: Total time for which application threads were stopped: 0.0000760 seconds
2015-02-03T04:50:35.654+0530: 66.320: Total time for which application threads were stopped: 0.0025470 seconds
2015-02-03T04:50:35.680+0530: 66.346: Total time for which application threads were stopped: 0.0001680 seconds
2015-02-03T04:50:35.704+0530: 66.370: Total time for which application threads were stopped: 0.0007830 seconds
2015-02-03T04:50:35.886+0530: 66.552: Total time for which application threads were stopped: 0.0003740 seconds
2015-02-03T04:50:35.905+0530: 66.571: Total time for which application threads were stopped: 0.0020260 seconds
2015-02-03T04:50:35.913+0530: 66.579: Total time for which application threads were stopped: 0.0001730 seconds
2015-02-03T04:50:35.915+0530: 66.582: Total time for which application threads were stopped: 0.0012640 seconds
2015-02-03T04:50:35.922+0530: 66.588: Total time for which application threads were stopped: 0.0048930 seconds
2015-02-03T04:50:36.033+0530: 66.699: Total time for which application threads were stopped: 0.0001330 seconds
2015-02-03T04:50:36.034+0530: 66.700: Total time for which application threads were stopped: 0.0000960 seconds
2015-02-03T04:50:36.034+0530: 66.700: Total time for which application threads were stopped: 0.0000570 seconds
2015-02-03T04:50:36.035+0530: 66.702: Total time for which application threads were stopped: 0.0015250 seconds
2015-02-03T04:50:36.036+0530: 66.702: Total time for which application threads were stopped: 0.0000600 seconds
2015-02-03T04:50:36.036+0530: 66.702: Total time for which application threads were stopped: 0.0000560 seconds
2015-02-03T04:50:36.038+0530: 66.705: Total time for which application threads were stopped: 0.0021180 seconds
2015-02-03T04:50:36.246+0530: 66.912: Total time for which application threads were stopped: 0.0002050 seconds
2015-02-03T04:50:37.247+0530: 67.913: Total time for which application threads were stopped: 0.0002170 seconds
2015-02-03T04:50:37.609+0530: 68.275: Total time for which application threads were stopped: 0.0001360 seconds
2015-02-03T04:50:37.612+0530: 68.278: Total time for which application threads were stopped: 0.0001250 seconds
2015-02-03T04:50:37.616+0530: 68.282: Total time for which application threads were stopped: 0.0001300 seconds
2015-02-03T04:50:37.616+0530: 68.282: Total time for which application threads were stopped: 0.0000530 seconds
2015-02-03T04:50:37.618+0530: 68.284: Total time for which application threads were stopped: 0.0021460 seconds
2015-02-03T04:50:37.618+0530: 68.284: Total time for which application threads were stopped: 0.0000770 seconds
2015-02-03T04:50:37.618+0530: 68.285: Total time for which application threads were stopped: 0.0000970 seconds
2015-02-03T04:50:37.619+0530: 68.285: Total time for which application threads were stopped: 0.0001920 seconds
2015-02-03T04:50:37.619+0530: 68.285: Total time for which application threads were stopped: 0.0001360 seconds
2015-02-03T04:50:37.619+0530: 68.285: Total time for which application threads were stopped: 0.0000590 seconds
2015-02-03T04:50:37.619+0530: 68.285: Total time for which application threads were stopped: 0.0000440 seconds
2015-02-03T04:50:37.620+0530: 68.286: Total time for which application threads were stopped: 0.0000840 seconds
2015-02-03T04:50:37.620+0530: 68.286: Total time for which application threads were stopped: 0.0000570 seconds
2015-02-03T04:50:37.621+0530: 68.288: Total time for which application threads were stopped: 0.0011260 seconds
2015-02-03T04:50:37.621+0530: 68.288: Total time for which application threads were stopped: 0.0000730 seconds
2015-02-03T04:50:37.622+0530: 68.288: Total time for which application threads were stopped: 0.0001100 seconds
2015-02-03T04:50:37.622+0530: 68.288: Total time for which application threads were stopped: 0.0000880 seconds
2015-02-03T04:50:37.622+0530: 68.288: Total time for which application threads were stopped: 0.0000630 seconds
2015-02-03T04:50:37.622+0530: 68.288: Total time for which application threads were stopped: 0.0000520 seconds
2015-02-03T04:50:37.625+0530: 68.291: Total time for which application threads were stopped: 0.0001270 seconds
2015-02-03T04:50:37.639+0530: 68.305: Total time for which application threads were stopped: 0.0002030 seconds
2015-02-03T04:50:37.684+0530: 68.350: Total time for which application threads were stopped: 0.0000910 seconds
2015-02-03T04:50:37.692+0530: 68.358: Total time for which application threads were stopped: 0.0000850 seconds
2015-02-03T04:50:37.720+0530: 68.386: Total time for which application threads were stopped: 0.0000910 seconds
2015-02-03T04:50:37.805+0530: 68.471: Total time for which application threads were stopped: 0.0002040 seconds
2015-02-03T04:50:37.823+0530: 68.489: Total time for which application threads were stopped: 0.0001090 seconds
2015-02-03T04:50:38.322+0530: 68.988: Total time for which application threads were stopped: 0.0001680 seconds
2015-02-03T04:50:38.335+0530: 69.001: Total time for which application threads were stopped: 0.0001120 seconds
2015-02-03T04:50:38.335+0530: 69.002: Total time for which application threads were stopped: 0.0000410 seconds
2015-02-03T04:50:39.353+0530: 70.019: Total time for which application threads were stopped: 0.0004460 seconds
2015-02-03T04:50:39.362+0530: 70.028: Total time for which application threads were stopped: 0.0022850 seconds
2015-02-03T04:50:39.364+0530: 70.030: Total time for which application threads were stopped: 0.0003330 seconds
2015-02-03T04:50:39.442+0530: 70.108: Total time for which application threads were stopped: 0.0013900 seconds
2015-02-03T04:50:39.529+0530: 70.196: Total time for which application threads were stopped: 0.0001970 seconds
2015-02-03T04:50:39.530+0530: 70.196: Total time for which application threads were stopped: 0.0001450 seconds
2015-02-03T04:50:39.530+0530: 70.197: Total time for which application threads were stopped: 0.0001290 seconds
2015-02-03T04:50:39.531+0530: 70.197: Total time for which application threads were stopped: 0.0001050 seconds
2015-02-03T04:50:39.548+0530: 70.215: Total time for which application threads were stopped: 0.0001120 seconds
2015-02-03T04:50:40.062+0530: 70.728: Total time for which application threads were stopped: 0.0003250 seconds
2015-02-03T04:50:40.062+0530: 70.728: Total time for which application threads were stopped: 0.0001200 seconds
2015-02-03T04:50:41.063+0530: 71.729: Total time for which application threads were stopped: 0.0003110 seconds
2015-02-03T04:50:41.144+0530: 71.810: Total time for which application threads were stopped: 0.0001260 seconds
2015-02-03T04:50:41.556+0530: 72.222: Total time for which application threads were stopped: 0.0002730 seconds
2015-02-03T04:50:41.558+0530: 72.224: Total time for which application threads were stopped: 0.0019920 seconds
2015-02-03T04:50:41.560+0530: 72.226: Total time for which application threads were stopped: 0.0002360 seconds
2015-02-03T04:50:41.561+0530: 72.227: Total time for which application threads were stopped: 0.0001130 seconds
2015-02-03T04:50:41.571+0530: 72.237: Total time for which application threads were stopped: 0.0003330 seconds
2015-02-03T04:50:41.572+0530: 72.238: Total time for which application threads were stopped: 0.0000900 seconds
2015-02-03T04:50:41.574+0530: 72.240: Total time for which application threads were stopped: 0.0012930 seconds
2015-02-03T04:50:41.575+0530: 72.241: Total time for which application threads were stopped: 0.0001150 seconds
2015-02-03T04:50:41.576+0530: 72.243: Total time for which application threads were stopped: 0.0001030 seconds
2015-02-03T04:50:41.876+0530: 72.542: Total time for which application threads were stopped: 0.0017060 seconds
2015-02-03T04:50:41.878+0530: 72.544: Total time for which application threads were stopped: 0.0019050 seconds
2015-02-03T04:50:41.878+0530: 72.545: Total time for which application threads were stopped: 0.0000570 seconds
2015-02-03T04:50:41.879+0530: 72.545: Total time for which application threads were stopped: 0.0000530 seconds
2015-02-03T04:50:41.879+0530: 72.545: Total time for which application threads were stopped: 0.0000600 seconds
2015-02-03T04:50:41.880+0530: 72.546: Total time for which application threads were stopped: 0.0000610 seconds
2015-02-03T04:50:41.880+0530: 72.546: Total time for which application threads were stopped: 0.0000380 seconds
2015-02-03T04:50:41.880+0530: 72.547: Total time for which application threads were stopped: 0.0000570 seconds
2015-02-03T04:50:41.881+0530: 72.547: Total time for which application threads were stopped: 0.0000610 seconds
2015-02-03T04:50:41.882+0530: 72.548: Total time for which application threads were stopped: 0.0001140 seconds
2015-02-03T04:50:43.333+0530: 73.999: Total time for which application threads were stopped: 0.0001700 seconds
2015-02-03T04:50:44.551+0530: 75.217: Total time for which application threads were stopped: 0.0002130 seconds
2015-02-03T04:50:47.551+0530: 78.218: Total time for which application threads were stopped: 0.0002700 seconds
2015-02-03T04:50:47.652+0530: 78.319: Total time for which application threads were stopped: 0.0000970 seconds
2015-02-03T04:50:47.653+0530: 78.319: Total time for which application threads were stopped: 0.0000310 seconds
2015-02-03T04:50:47.873+0530: 78.539: Total time for which application threads were stopped: 0.0003190 seconds
2015-02-03T04:50:47.886+0530: 78.552: Total time for which application threads were stopped: 0.0001080 seconds
2015-02-03T04:51:00.928+0530: 91.594: Total time for which application threads were stopped: 0.0001830 seconds
2015-02-03T04:51:00.928+0530: 91.595: Total time for which application threads were stopped: 0.0000750 seconds
2015-02-03T04:51:02.929+0530: 93.595: Total time for which application threads were stopped: 0.0001840 seconds
2015-02-03T04:51:03.031+0530: 93.698: Total time for which application threads were stopped: 0.0004700 seconds
2015-02-03T04:51:03.033+0530: 93.699: Total time for which application threads were stopped: 0.0001180 seconds
2015-02-03T04:51:03.033+0530: 93.699: Total time for which application threads were stopped: 0.0000560 seconds
2015-02-03T04:51:03.058+0530: 93.725: Total time for which application threads were stopped: 0.0001560 seconds
2015-02-03T04:51:03.064+0530: 93.730: Total time for which application threads were stopped: 0.0001400 seconds
2015-02-03T04:51:08.136+0530: 98.802: Total time for which application threads were stopped: 0.0003610 seconds
2015-02-03T04:51:08.137+0530: 98.803: Total time for which application threads were stopped: 0.0001300 seconds
2015-02-03T04:51:08.139+0530: 98.805: Total time for which application threads were stopped: 0.0001560 seconds
2015-02-03T04:51:08.139+0530: 98.805: Total time for which application threads were stopped: 0.0001360 seconds
2015-02-03T04:51:08.300+0530: 98.966: Total time for which application threads were stopped: 0.0001840 seconds
2015-02-03T04:51:08.301+0530: 98.967: Total time for which application threads were stopped: 0.0008530 seconds
2015-02-03T04:51:08.302+0530: 98.968: Total time for which application threads were stopped: 0.0001450 seconds
2015-02-03T04:51:08.302+0530: 98.968: Total time for which application threads were stopped: 0.0000590 seconds
2015-02-03T04:51:08.317+0530: 98.983: Total time for which application threads were stopped: 0.0001250 seconds
2015-02-03T04:51:08.323+0530: 98.989: Total time for which application threads were stopped: 0.0001580 seconds
2015-02-03T04:51:08.323+0530: 98.990: Total time for which application threads were stopped: 0.0001030 seconds
2015-02-03T04:51:08.335+0530: 99.001: Total time for which application threads were stopped: 0.0001420 seconds
2015-02-03T04:51:08.336+0530: 99.002: Total time for which application threads were stopped: 0.0001880 seconds
2015-02-03T04:51:13.336+0530: 104.002: Total time for which application threads were stopped: 0.0001660 seconds
2015-02-03T04:51:13.729+0530: 104.395: Total time for which application threads were stopped: 0.0001970 seconds
2015-02-03T04:51:13.730+0530: 104.396: Total time for which application threads were stopped: 0.0001280 seconds
2015-02-03T04:51:31.913+0530: 122.579: Total time for which application threads were stopped: 0.0001960 seconds
2015-02-03T04:51:33.195+0530: 123.861: Total time for which application threads were stopped: 0.0004010 seconds
2015-02-03T04:51:39.480+0530: 130.146: Total time for which application threads were stopped: 0.0001950 seconds
2015-02-03T04:51:39.481+0530: 130.147: Total time for which application threads were stopped: 0.0000610 seconds
2015-02-03T04:51:39.501+0530: 130.167: Total time for which application threads were stopped: 0.0001140 seconds
2015-02-03T04:51:39.554+0530: 130.220: Total time for which application threads were stopped: 0.0001830 seconds
2015-02-03T04:51:39.597+0530: 130.264: Total time for which application threads were stopped: 0.0000960 seconds
2015-02-03T04:51:39.860+0530: 130.527: Total time for which application threads were stopped: 0.0001130 seconds
2015-02-03T04:51:39.861+0530: 130.527: Total time for which application threads were stopped: 0.0000710 seconds
2015-02-03T04:51:39.861+0530: 130.527: Total time for which application threads were stopped: 0.0000420 seconds
2015-02-03T04:51:39.861+0530: 130.527: Total time for which application threads were stopped: 0.0000580 seconds
2015-02-03T04:51:39.862+0530: 130.528: Total time for which application threads were stopped: 0.0000640 seconds
2015-02-03T04:51:39.862+0530: 130.529: Total time for which application threads were stopped: 0.0000450 seconds
2015-02-03T04:51:39.863+0530: 130.529: Total time for which application threads were stopped: 0.0000320 seconds
2015-02-03T04:51:39.864+0530: 130.530: Total time for which application threads were stopped: 0.0001190 seconds
2015-02-03T04:51:39.865+0530: 130.531: Total time for which application threads were stopped: 0.0000570 seconds
2015-02-03T04:51:39.865+0530: 130.532: Total time for which application threads were stopped: 0.0001030 seconds
2015-02-03T04:51:39.866+0530: 130.532: Total time for which application threads were stopped: 0.0000590 seconds
2015-02-03T04:51:39.866+0530: 130.532: Total time for which application threads were stopped: 0.0000550 seconds
2015-02-03T04:51:53.732+0530: 144.398: Total time for which application threads were stopped: 0.0001700 seconds
2015-02-03T04:51:53.732+0530: 144.398: Total time for which application threads were stopped: 0.0000400 seconds
2015-02-03T04:51:56.432+0530: 147.098: Total time for which application threads were stopped: 0.0002200 seconds
2015-02-03T04:51:58.364+0530: 149.031: Total time for which application threads were stopped: 0.0002590 seconds
2015-02-03T04:51:58.365+0530: 149.031: Total time for which application threads were stopped: 0.0000540 seconds
2015-02-03T04:51:58.368+0530: 149.034: Total time for which application threads were stopped: 0.0000870 seconds
2015-02-03T04:52:08.337+0530: 159.003: Total time for which application threads were stopped: 0.0003830 seconds
2015-02-03T04:52:13.733+0530: 164.399: Total time for which application threads were stopped: 0.0003570 seconds
2015-02-03T04:52:13.733+0530: 164.400: Total time for which application threads were stopped: 0.0001270 seconds
2015-02-03T04:52:20.977+0530: 171.643: Total time for which application threads were stopped: 0.0002260 seconds
{Heap before GC invocations=11 (full 0):
 par new generation   total 109248K, used 99256K [0x00000000dae00000, 0x00000000e2e00000, 0x00000000e2e00000)
  eden space 87424K, 100% used [0x00000000dae00000, 0x00000000e0360000, 0x00000000e0360000)
  from space 21824K,  54% used [0x00000000e18b0000, 0x00000000e243e340, 0x00000000e2e00000)
  to   space 21824K,   0% used [0x00000000e0360000, 0x00000000e0360000, 0x00000000e18b0000)
 concurrent mark-sweep generation total 393216K, used 11275K [0x00000000e2e00000, 0x00000000fae00000, 0x00000000fae00000)
 concurrent-mark-sweep perm gen total 31808K, used 31757K [0x00000000fae00000, 0x00000000fcd10000, 0x0000000100000000)
2015-02-03T04:52:21.456+0530: 172.122: [GC2015-02-03T04:52:21.456+0530: 172.122: [ParNew
Desired survivor size 20112992 bytes, new threshold 8 (max 8)
- age   1:    9402928 bytes,    9402928 total
- age   2:    2975416 bytes,   12378344 total
- age   3:     151576 bytes,   12529920 total
- age   4:      85304 bytes,   12615224 total
- age   5:      81400 bytes,   12696624 total
- age   6:     102544 bytes,   12799168 total
- age   7:     172232 bytes,   12971400 total
- age   8:     271008 bytes,   13242408 total
: 99256K->14431K(109248K), 0.0200400 secs] 110532K->26329K(502464K), 0.0201680 secs] [Times: user=0.07 sys=0.00, real=0.02 secs] 
Heap after GC invocations=12 (full 0):
 par new generation   total 109248K, used 14431K [0x00000000dae00000, 0x00000000e2e00000, 0x00000000e2e00000)
  eden space 87424K,   0% used [0x00000000dae00000, 0x00000000dae00000, 0x00000000e0360000)
  from space 21824K,  66% used [0x00000000e0360000, 0x00000000e1177c88, 0x00000000e18b0000)
  to   space 21824K,   0% used [0x00000000e18b0000, 0x00000000e18b0000, 0x00000000e2e00000)
 concurrent mark-sweep generation total 393216K, used 11898K [0x00000000e2e00000, 0x00000000fae00000, 0x00000000fae00000)
 concurrent-mark-sweep perm gen total 31808K, used 31757K [0x00000000fae00000, 0x00000000fcd10000, 0x0000000100000000)
}
2015-02-03T04:52:21.476+0530: 172.142: Total time for which application threads were stopped: 0.0204090 seconds
2015-02-03T04:52:21.480+0530: 172.146: Total time for which application threads were stopped: 0.0002590 seconds
2015-02-03T04:52:21.482+0530: 172.148: Total time for which application threads were stopped: 0.0001690 seconds
{Heap before GC invocations=12 (full 0):
 par new generation   total 109248K, used 101855K [0x00000000dae00000, 0x00000000e2e00000, 0x00000000e2e00000)
  eden space 87424K, 100% used [0x00000000dae00000, 0x00000000e0360000, 0x00000000e0360000)
  from space 21824K,  66% used [0x00000000e0360000, 0x00000000e1177c88, 0x00000000e18b0000)
  to   space 21824K,   0% used [0x00000000e18b0000, 0x00000000e18b0000, 0x00000000e2e00000)
 concurrent mark-sweep generation total 393216K, used 11898K [0x00000000e2e00000, 0x00000000fae00000, 0x00000000fae00000)
 concurrent-mark-sweep perm gen total 32000K, used 31785K [0x00000000fae00000, 0x00000000fcd40000, 0x0000000100000000)
2015-02-03T04:52:21.766+0530: 172.433: [GC2015-02-03T04:52:21.766+0530: 172.433: [ParNew
Desired survivor size 20112992 bytes, new threshold 8 (max 8)
- age   1:    1032528 bytes,    1032528 total
- age   2:    6062608 bytes,    7095136 total
- age   3:    2975416 bytes,   10070552 total
- age   4:     151576 bytes,   10222128 total
- age   5:      85304 bytes,   10307432 total
- age   6:      81400 bytes,   10388832 total
- age   7:     102448 bytes,   10491280 total
- age   8:     171848 bytes,   10663128 total
: 101855K->15947K(109248K), 0.0117100 secs] 113753K->28114K(502464K), 0.0118720 secs] [Times: user=0.04 sys=0.00, real=0.01 secs] 
Heap after GC invocations=13 (full 0):
 par new generation   total 109248K, used 15947K [0x00000000dae00000, 0x00000000e2e00000, 0x00000000e2e00000)
  eden space 87424K,   0% used [0x00000000dae00000, 0x00000000dae00000, 0x00000000e0360000)
  from space 21824K,  73% used [0x00000000e18b0000, 0x00000000e2842ed0, 0x00000000e2e00000)
  to   space 21824K,   0% used [0x00000000e0360000, 0x00000000e0360000, 0x00000000e18b0000)
 concurrent mark-sweep generation total 393216K, used 12166K [0x00000000e2e00000, 0x00000000fae00000, 0x00000000fae00000)
 concurrent-mark-sweep perm gen total 32000K, used 31785K [0x00000000fae00000, 0x00000000fcd40000, 0x0000000100000000)
}
2015-02-03T04:52:21.778+0530: 172.445: Total time for which application threads were stopped: 0.0123250 seconds
2015-02-03T04:52:21.779+0530: 172.445: Total time for which application threads were stopped: 0.0001170 seconds
{Heap before GC invocations=13 (full 0):
 par new generation   total 109248K, used 103371K [0x00000000dae00000, 0x00000000e2e00000, 0x00000000e2e00000)
  eden space 87424K, 100% used [0x00000000dae00000, 0x00000000e0360000, 0x00000000e0360000)
  from space 21824K,  73% used [0x00000000e18b0000, 0x00000000e2842ed0, 0x00000000e2e00000)
  to   space 21824K,   0% used [0x00000000e0360000, 0x00000000e0360000, 0x00000000e18b0000)
 concurrent mark-sweep generation total 393216K, used 12166K [0x00000000e2e00000, 0x00000000fae00000, 0x00000000fae00000)
 concurrent-mark-sweep perm gen total 32000K, used 31821K [0x00000000fae00000, 0x00000000fcd40000, 0x0000000100000000)
2015-02-03T04:52:22.030+0530: 172.696: [GC2015-02-03T04:52:22.030+0530: 172.696: [ParNew
Desired survivor size 20112992 bytes, new threshold 8 (max 8)
- age   1:     329536 bytes,     329536 total
- age   2:     184824 bytes,     514360 total
- age   3:    6052440 bytes,    6566800 total
- age   4:    2975320 bytes,    9542120 total
- age   5:     151576 bytes,    9693696 total
- age   6:      85304 bytes,    9779000 total
- age   7:      81304 bytes,    9860304 total
- age   8:     102448 bytes,    9962752 total
: 103371K->11973K(109248K), 0.0115830 secs] 115538K->24313K(502464K), 0.0117600 secs] [Times: user=0.04 sys=0.00, real=0.01 secs] 
Heap after GC invocations=14 (full 0):
 par new generation   total 109248K, used 11973K [0x00000000dae00000, 0x00000000e2e00000, 0x00000000e2e00000)
  eden space 87424K,   0% used [0x00000000dae00000, 0x00000000dae00000, 0x00000000e0360000)
  from space 21824K,  54% used [0x00000000e0360000, 0x00000000e0f11768, 0x00000000e18b0000)
  to   space 21824K,   0% used [0x00000000e18b0000, 0x00000000e18b0000, 0x00000000e2e00000)
 concurrent mark-sweep generation total 393216K, used 12339K [0x00000000e2e00000, 0x00000000fae00000, 0x00000000fae00000)
 concurrent-mark-sweep perm gen total 32000K, used 31821K [0x00000000fae00000, 0x00000000fcd40000, 0x0000000100000000)
}
2015-02-03T04:52:22.042+0530: 172.708: Total time for which application threads were stopped: 0.0121680 seconds
2015-02-03T04:52:22.135+0530: 172.801: Total time for which application threads were stopped: 0.0002060 seconds
2015-02-03T04:52:22.157+0530: 172.823: Total time for which application threads were stopped: 0.0001650 seconds
2015-02-03T04:52:22.173+0530: 172.839: Total time for which application threads were stopped: 0.0001880 seconds
2015-02-03T04:52:22.173+0530: 172.839: Total time for which application threads were stopped: 0.0001110 seconds
2015-02-03T04:52:22.173+0530: 172.839: Total time for which application threads were stopped: 0.0001150 seconds
2015-02-03T04:52:22.174+0530: 172.840: Total time for which application threads were stopped: 0.0000850 seconds
2015-02-03T04:52:22.186+0530: 172.853: Total time for which application threads were stopped: 0.0001910 seconds
2015-02-03T04:52:22.190+0530: 172.856: Total time for which application threads were stopped: 0.0002660 seconds
2015-02-03T04:52:22.191+0530: 172.857: Total time for which application threads were stopped: 0.0001980 seconds
2015-02-03T04:52:22.195+0530: 172.862: Total time for which application threads were stopped: 0.0001780 seconds
2015-02-03T04:52:23.735+0530: 174.401: Total time for which application threads were stopped: 0.0008710 seconds
2015-02-03T04:52:23.735+0530: 174.401: Total time for which application threads were stopped: 0.0001410 seconds
2015-02-03T04:52:23.736+0530: 174.402: Total time for which application threads were stopped: 0.0004620 seconds
2015-02-03T04:52:39.027+0530: 189.693: Total time for which application threads were stopped: 0.0001540 seconds
2015-02-03T04:52:39.868+0530: 190.534: Total time for which application threads were stopped: 0.0003730 seconds
2015-02-03T04:52:39.869+0530: 190.535: Total time for which application threads were stopped: 0.0001320 seconds
2015-02-03T04:52:53.736+0530: 204.402: Total time for which application threads were stopped: 0.0005440 seconds
2015-02-03T04:52:53.737+0530: 204.403: Total time for which application threads were stopped: 0.0002460 seconds
2015-02-03T04:52:53.737+0530: 204.403: Total time for which application threads were stopped: 0.0001850 seconds
2015-02-03T04:52:53.737+0530: 204.404: Total time for which application threads were stopped: 0.0002040 seconds
2015-02-03T04:54:11.243+0530: 281.909: Total time for which application threads were stopped: 0.0001780 seconds
2015-02-03T04:54:11.243+0530: 281.909: Total time for which application threads were stopped: 0.0000470 seconds
2015-02-03T04:54:23.741+0530: 294.407: Total time for which application threads were stopped: 0.0004550 seconds
2015-02-03T04:54:23.741+0530: 294.407: Total time for which application threads were stopped: 0.0002070 seconds
2015-02-03T04:54:23.742+0530: 294.408: Total time for which application threads were stopped: 0.0001940 seconds
2015-02-03T04:55:01.295+0530: 331.961: Total time for which application threads were stopped: 0.0004000 seconds
2015-02-03T04:57:43.783+0530: 494.449: Total time for which application threads were stopped: 0.0176890 seconds
2015-02-03T04:57:43.784+0530: 494.450: Total time for which application threads were stopped: 0.0001190 seconds
2015-02-03T04:57:53.797+0530: 504.464: Total time for which application threads were stopped: 0.0434590 seconds
2015-02-03T04:57:53.798+0530: 504.464: Total time for which applicat